{"C:\\dev\\homework\\geekbrains_vue\\project\\babel.config.js": {"path":"C:\\dev\\homework\\geekbrains_vue\\project\\babel.config.js","statementMap":{"0":{"start":{"line":1,"column":0},"end":{"line":5,"column":1}}},"fnMap":{},"branchMap":{},"s":{"0":0},"f":{},"b":{}}
,"C:\\dev\\homework\\geekbrains_vue\\project\\src\\main.js": {"path":"C:\\dev\\homework\\geekbrains_vue\\project\\src\\main.js","statementMap":{"0":{"start":{"line":8,"column":0},"end":{"line":8,"column":32}},"1":{"start":{"line":9,"column":0},"end":{"line":9,"column":15}},"2":{"start":{"line":11,"column":0},"end":{"line":15,"column":17}},"3":{"start":{"line":12,"column":15},"end":{"line":12,"column":21}}},"fnMap":{"0":{"name":"(anonymous_0)","decl":{"start":{"line":12,"column":10},"end":{"line":12,"column":11}},"loc":{"start":{"line":12,"column":15},"end":{"line":12,"column":21}},"line":12}},"branchMap":{},"s":{"0":0,"1":0,"2":0,"3":0},"f":{"0":0},"b":{}}
,"C:\\dev\\homework\\geekbrains_vue\\project\\src\\plugins\\ModalWindow\\index.js": {"path":"C:\\dev\\homework\\geekbrains_vue\\project\\src\\plugins\\ModalWindow\\index.js","statementMap":{"0":{"start":{"line":3,"column":8},"end":{"line":5,"column":9}},"1":{"start":{"line":4,"column":12},"end":{"line":4,"column":19}},"2":{"start":{"line":6,"column":8},"end":{"line":6,"column":30}},"3":{"start":{"line":8,"column":8},"end":{"line":16,"column":9}},"4":{"start":{"line":11,"column":16},"end":{"line":11,"column":68}},"5":{"start":{"line":14,"column":16},"end":{"line":14,"column":44}}},"fnMap":{"0":{"name":"(anonymous_0)","decl":{"start":{"line":2,"column":4},"end":{"line":2,"column":5}},"loc":{"start":{"line":2,"column":17},"end":{"line":17,"column":5}},"line":2},"1":{"name":"(anonymous_1)","decl":{"start":{"line":10,"column":12},"end":{"line":10,"column":13}},"loc":{"start":{"line":10,"column":33},"end":{"line":12,"column":13}},"line":10},"2":{"name":"(anonymous_2)","decl":{"start":{"line":13,"column":12},"end":{"line":13,"column":13}},"loc":{"start":{"line":13,"column":19},"end":{"line":15,"column":13}},"line":13}},"branchMap":{"0":{"loc":{"start":{"line":3,"column":8},"end":{"line":5,"column":9}},"type":"if","locations":[{"start":{"line":3,"column":8},"end":{"line":5,"column":9}},{"start":{"line":3,"column":8},"end":{"line":5,"column":9}}],"line":3}},"s":{"0":0,"1":0,"2":0,"3":0,"4":0,"5":0},"f":{"0":0,"1":0,"2":0},"b":{"0":[0,0]}}
,"C:\\dev\\homework\\geekbrains_vue\\project\\src\\router\\index.js": {"path":"C:\\dev\\homework\\geekbrains_vue\\project\\src\\router\\index.js","statementMap":{"0":{"start":{"line":7,"column":0},"end":{"line":7,"column":16}},"1":{"start":{"line":9,"column":15},"end":{"line":24,"column":2}},"2":{"start":{"line":14,"column":29},"end":{"line":14,"column":100}},"3":{"start":{"line":19,"column":29},"end":{"line":19,"column":67}}},"fnMap":{"0":{"name":"(anonymous_0)","decl":{"start":{"line":14,"column":23},"end":{"line":14,"column":24}},"loc":{"start":{"line":14,"column":29},"end":{"line":14,"column":100}},"line":14},"1":{"name":"(anonymous_1)","decl":{"start":{"line":19,"column":23},"end":{"line":19,"column":24}},"loc":{"start":{"line":19,"column":29},"end":{"line":19,"column":67}},"line":19}},"branchMap":{},"s":{"0":0,"1":0,"2":0,"3":0},"f":{"0":0,"1":0},"b":{}}
,"C:\\dev\\homework\\geekbrains_vue\\project\\src\\store\\index.js": {"path":"C:\\dev\\homework\\geekbrains_vue\\project\\src\\store\\index.js","statementMap":{"0":{"start":{"line":5,"column":0},"end":{"line":5,"column":13}},"1":{"start":{"line":18,"column":12},"end":{"line":18,"column":41}},"2":{"start":{"line":21,"column":12},"end":{"line":21,"column":38}},"3":{"start":{"line":22,"column":12},"end":{"line":22,"column":33}},"4":{"start":{"line":23,"column":12},"end":{"line":23,"column":57}},"5":{"start":{"line":24,"column":12},"end":{"line":24,"column":63}},"6":{"start":{"line":25,"column":12},"end":{"line":25,"column":45}},"7":{"start":{"line":28,"column":12},"end":{"line":28,"column":33}},"8":{"start":{"line":29,"column":12},"end":{"line":29,"column":60}},"9":{"start":{"line":30,"column":28},"end":{"line":30,"column":51}},"10":{"start":{"line":31,"column":12},"end":{"line":39,"column":13}},"11":{"start":{"line":32,"column":16},"end":{"line":32,"column":57}},"12":{"start":{"line":33,"column":16},"end":{"line":33,"column":63}},"13":{"start":{"line":34,"column":16},"end":{"line":34,"column":48}},"14":{"start":{"line":35,"column":16},"end":{"line":35,"column":67}},"15":{"start":{"line":36,"column":16},"end":{"line":36,"column":49}},"16":{"start":{"line":38,"column":16},"end":{"line":38,"column":59}},"17":{"start":{"line":40,"column":12},"end":{"line":40,"column":44}},"18":{"start":{"line":49,"column":12},"end":{"line":49,"column":41}},"19":{"start":{"line":53,"column":12},"end":{"line":53,"column":65}},"20":{"start":{"line":54,"column":12},"end":{"line":54,"column":76}},"21":{"start":{"line":58,"column":12},"end":{"line":62,"column":15}},"22":{"start":{"line":59,"column":16},"end":{"line":61,"column":26}},"23":{"start":{"line":63,"column":12},"end":{"line":63,"column":80}},"24":{"start":{"line":68,"column":25},"end":{"line":68,"column":90}},"25":{"start":{"line":68,"column":71},"end":{"line":68,"column":89}},"26":{"start":{"line":69,"column":12},"end":{"line":69,"column":50}},"27":{"start":{"line":70,"column":12},"end":{"line":70,"column":58}},"28":{"start":{"line":77,"column":12},"end":{"line":77,"column":40}},"29":{"start":{"line":80,"column":12},"end":{"line":100,"column":14}},"30":{"start":{"line":81,"column":16},"end":{"line":97,"column":24}},"31":{"start":{"line":82,"column":32},"end":{"line":82,"column":34}},"32":{"start":{"line":83,"column":34},"end":{"line":83,"column":36}},"33":{"start":{"line":84,"column":29},"end":{"line":84,"column":37}},"34":{"start":{"line":85,"column":20},"end":{"line":93,"column":21}},"35":{"start":{"line":85,"column":33},"end":{"line":85,"column":34}},"36":{"start":{"line":86,"column":45},"end":{"line":86,"column":103}},"37":{"start":{"line":87,"column":24},"end":{"line":92,"column":26}},"38":{"start":{"line":94,"column":20},"end":{"line":94,"column":38}},"39":{"start":{"line":95,"column":20},"end":{"line":95,"column":32}},"40":{"start":{"line":96,"column":20},"end":{"line":96,"column":33}},"41":{"start":{"line":99,"column":16},"end":{"line":99,"column":49}},"42":{"start":{"line":104,"column":12},"end":{"line":111,"column":14}},"43":{"start":{"line":105,"column":16},"end":{"line":108,"column":23}},"44":{"start":{"line":106,"column":34},"end":{"line":106,"column":82}},"45":{"start":{"line":107,"column":20},"end":{"line":107,"column":35}},"46":{"start":{"line":110,"column":16},"end":{"line":110,"column":46}},"47":{"start":{"line":116,"column":33},"end":{"line":116,"column":63}},"48":{"start":{"line":118,"column":12},"end":{"line":118,"column":87}},"49":{"start":{"line":118,"column":68},"end":{"line":118,"column":83}},"50":{"start":{"line":121,"column":34},"end":{"line":121,"column":52}},"51":{"start":{"line":122,"column":31},"end":{"line":122,"column":46}},"52":{"start":{"line":124,"column":23},"end":{"line":124,"column":33}},"53":{"start":{"line":125,"column":12},"end":{"line":125,"column":34}},"54":{"start":{"line":127,"column":30},"end":{"line":129,"column":9}},"55":{"start":{"line":128,"column":12},"end":{"line":128,"column":80}},"56":{"start":{"line":128,"column":65},"end":{"line":128,"column":79}},"57":{"start":{"line":134,"column":4},"end":{"line":136,"column":5}}},"fnMap":{"0":{"name":"(anonymous_0)","decl":{"start":{"line":17,"column":8},"end":{"line":17,"column":9}},"loc":{"start":{"line":17,"column":43},"end":{"line":19,"column":9}},"line":17},"1":{"name":"(anonymous_1)","decl":{"start":{"line":20,"column":8},"end":{"line":20,"column":9}},"loc":{"start":{"line":20,"column":46},"end":{"line":26,"column":9}},"line":20},"2":{"name":"(anonymous_2)","decl":{"start":{"line":27,"column":8},"end":{"line":27,"column":9}},"loc":{"start":{"line":27,"column":42},"end":{"line":46,"column":9}},"line":27},"3":{"name":"(anonymous_3)","decl":{"start":{"line":48,"column":8},"end":{"line":48,"column":9}},"loc":{"start":{"line":48,"column":40},"end":{"line":50,"column":9}},"line":48},"4":{"name":"(anonymous_4)","decl":{"start":{"line":52,"column":8},"end":{"line":52,"column":9}},"loc":{"start":{"line":52,"column":39},"end":{"line":55,"column":9}},"line":52},"5":{"name":"(anonymous_5)","decl":{"start":{"line":57,"column":8},"end":{"line":57,"column":9}},"loc":{"start":{"line":57,"column":35},"end":{"line":65,"column":9}},"line":57},"6":{"name":"(anonymous_6)","decl":{"start":{"line":58,"column":80},"end":{"line":58,"column":81}},"loc":{"start":{"line":58,"column":88},"end":{"line":62,"column":13}},"line":58},"7":{"name":"(anonymous_7)","decl":{"start":{"line":67,"column":8},"end":{"line":67,"column":9}},"loc":{"start":{"line":67,"column":43},"end":{"line":72,"column":9}},"line":67},"8":{"name":"(anonymous_8)","decl":{"start":{"line":68,"column":63},"end":{"line":68,"column":64}},"loc":{"start":{"line":68,"column":71},"end":{"line":68,"column":89}},"line":68},"9":{"name":"(anonymous_9)","decl":{"start":{"line":76,"column":8},"end":{"line":76,"column":9}},"loc":{"start":{"line":76,"column":37},"end":{"line":78,"column":9}},"line":76},"10":{"name":"(anonymous_10)","decl":{"start":{"line":79,"column":8},"end":{"line":79,"column":9}},"loc":{"start":{"line":79,"column":43},"end":{"line":101,"column":9}},"line":79},"11":{"name":"(anonymous_11)","decl":{"start":{"line":80,"column":31},"end":{"line":80,"column":32}},"loc":{"start":{"line":80,"column":44},"end":{"line":98,"column":13}},"line":80},"12":{"name":"(anonymous_12)","decl":{"start":{"line":81,"column":27},"end":{"line":81,"column":28}},"loc":{"start":{"line":81,"column":33},"end":{"line":97,"column":17}},"line":81},"13":{"name":"(anonymous_13)","decl":{"start":{"line":98,"column":20},"end":{"line":98,"column":21}},"loc":{"start":{"line":98,"column":27},"end":{"line":100,"column":13}},"line":98},"14":{"name":"(anonymous_14)","decl":{"start":{"line":103,"column":8},"end":{"line":103,"column":9}},"loc":{"start":{"line":103,"column":34},"end":{"line":112,"column":9}},"line":103},"15":{"name":"(anonymous_15)","decl":{"start":{"line":104,"column":31},"end":{"line":104,"column":32}},"loc":{"start":{"line":104,"column":44},"end":{"line":109,"column":13}},"line":104},"16":{"name":"(anonymous_16)","decl":{"start":{"line":105,"column":27},"end":{"line":105,"column":28}},"loc":{"start":{"line":105,"column":33},"end":{"line":108,"column":17}},"line":105},"17":{"name":"(anonymous_17)","decl":{"start":{"line":109,"column":20},"end":{"line":109,"column":21}},"loc":{"start":{"line":109,"column":27},"end":{"line":111,"column":13}},"line":109},"18":{"name":"(anonymous_18)","decl":{"start":{"line":116,"column":24},"end":{"line":116,"column":25}},"loc":{"start":{"line":116,"column":33},"end":{"line":116,"column":63}},"line":116},"19":{"name":"(anonymous_19)","decl":{"start":{"line":117,"column":29},"end":{"line":117,"column":30}},"loc":{"start":{"line":117,"column":38},"end":{"line":120,"column":9}},"line":117},"20":{"name":"(anonymous_20)","decl":{"start":{"line":118,"column":54},"end":{"line":118,"column":55}},"loc":{"start":{"line":118,"column":68},"end":{"line":118,"column":83}},"line":118},"21":{"name":"(anonymous_21)","decl":{"start":{"line":121,"column":25},"end":{"line":121,"column":26}},"loc":{"start":{"line":121,"column":34},"end":{"line":121,"column":52}},"line":121},"22":{"name":"(anonymous_22)","decl":{"start":{"line":122,"column":22},"end":{"line":122,"column":23}},"loc":{"start":{"line":122,"column":31},"end":{"line":122,"column":46}},"line":122},"23":{"name":"(anonymous_23)","decl":{"start":{"line":123,"column":23},"end":{"line":123,"column":24}},"loc":{"start":{"line":123,"column":32},"end":{"line":126,"column":9}},"line":123},"24":{"name":"(anonymous_24)","decl":{"start":{"line":127,"column":21},"end":{"line":127,"column":22}},"loc":{"start":{"line":127,"column":30},"end":{"line":129,"column":9}},"line":127},"25":{"name":"(anonymous_25)","decl":{"start":{"line":127,"column":30},"end":{"line":127,"column":31}},"loc":{"start":{"line":127,"column":36},"end":{"line":129,"column":9}},"line":127},"26":{"name":"(anonymous_26)","decl":{"start":{"line":128,"column":57},"end":{"line":128,"column":58}},"loc":{"start":{"line":128,"column":65},"end":{"line":128,"column":79}},"line":128},"27":{"name":"getRandomArbitrary","decl":{"start":{"line":133,"column":9},"end":{"line":133,"column":27}},"loc":{"start":{"line":133,"column":38},"end":{"line":137,"column":1}},"line":133}},"branchMap":{"0":{"loc":{"start":{"line":31,"column":12},"end":{"line":39,"column":13}},"type":"if","locations":[{"start":{"line":31,"column":12},"end":{"line":39,"column":13}},{"start":{"line":31,"column":12},"end":{"line":39,"column":13}}],"line":31},"1":{"loc":{"start":{"line":59,"column":23},"end":{"line":61,"column":26}},"type":"cond-expr","locations":[{"start":{"line":60,"column":22},"end":{"line":60,"column":29}},{"start":{"line":61,"column":22},"end":{"line":61,"column":26}}],"line":59}},"s":{"0":0,"1":0,"2":0,"3":0,"4":0,"5":0,"6":0,"7":0,"8":0,"9":0,"10":0,"11":0,"12":0,"13":0,"14":0,"15":0,"16":0,"17":0,"18":0,"19":0,"20":0,"21":0,"22":0,"23":0,"24":0,"25":0,"26":0,"27":0,"28":0,"29":0,"30":0,"31":0,"32":0,"33":0,"34":0,"35":0,"36":0,"37":0,"38":0,"39":0,"40":0,"41":0,"42":0,"43":0,"44":0,"45":0,"46":0,"47":0,"48":0,"49":0,"50":0,"51":0,"52":0,"53":0,"54":0,"55":0,"56":0,"57":0},"f":{"0":0,"1":0,"2":0,"3":0,"4":0,"5":0,"6":0,"7":0,"8":0,"9":0,"10":0,"11":0,"12":0,"13":0,"14":0,"15":0,"16":0,"17":0,"18":0,"19":0,"20":0,"21":0,"22":0,"23":0,"24":0,"25":0,"26":0,"27":0},"b":{"0":[0,0],"1":[0,0]}}
}
